<?xml version="1.0" encoding="UTF-8"?>
<!-- Generated by org.testng.reporters.JUnitReportReporter -->
<testsuite name="com.jbk.tests.AddUserTest" tests="3" time="9.700" ignored="0" failures="0" timestamp="03 Jun 2021 11:21:01 GMT" skipped="0" hostname="LAPTOP-COQHVDGR" errors="0">
  <testcase name="verifyprintingDragDownOptExcel" time="2.826" classname="com.jbk.tests.AddUserTest"/>
  <testcase name="verifyValidAddUser" time="4.697" classname="com.jbk.tests.AddUserTest"/>
  <testcase name="verifyPrintingDragDownOptions" time="2.177" classname="com.jbk.tests.AddUserTest"/>
</testsuite> <!-- com.jbk.tests.AddUserTest -->
