<?xml version="1.0" encoding="UTF-8"?>
<!-- Generated by org.testng.reporters.JUnitReportReporter -->
<testsuite name="com.jbk.tests.RegisterTest" tests="4" time="6.911" ignored="0" failures="0" timestamp="03 Jun 2021 11:21:01 GMT" skipped="0" hostname="LAPTOP-COQHVDGR" errors="0">
  <testcase name="verifyUrl" time="1.706" classname="com.jbk.tests.RegisterTest"/>
  <testcase name="verifyTitle" time="1.710" classname="com.jbk.tests.RegisterTest"/>
  <testcase name="verifyAlreadyMemberText" time="1.740" classname="com.jbk.tests.RegisterTest"/>
  <testcase name="verifyHeading" time="1.755" classname="com.jbk.tests.RegisterTest"/>
</testsuite> <!-- com.jbk.tests.RegisterTest -->
