<?xml version="1.0" encoding="UTF-8"?>
<!-- Generated by org.testng.reporters.JUnitReportReporter -->
<testsuite name="com.jbk.tests.UsersTest" tests="4" time="8.210" ignored="0" failures="0" timestamp="03 Jun 2021 11:21:01 GMT" skipped="0" hostname="LAPTOP-COQHVDGR" errors="0">
  <testcase name="verifyMobNoLength" time="2.088" classname="com.jbk.tests.UsersTest"/>
  <testcase name="verifyHeadingsAl" time="2.067" classname="com.jbk.tests.UsersTest"/>
  <testcase name="verifyUnameInOrder" time="2.056" classname="com.jbk.tests.UsersTest"/>
  <testcase name="verifyMaleGender" time="1.999" classname="com.jbk.tests.UsersTest"/>
</testsuite> <!-- com.jbk.tests.UsersTest -->
