<?xml version="1.0" encoding="UTF-8"?>
<!-- Generated by org.testng.reporters.JUnitReportReporter -->
<testsuite name="com.jbk.tests.DownloadsTest" tests="4" time="9.784" ignored="0" failures="0" timestamp="03 Jun 2021 11:21:01 GMT" skipped="0" hostname="LAPTOP-COQHVDGR" errors="0">
  <testcase name="verifyCommon" time="2.329" classname="com.jbk.tests.DownloadsTest"/>
  <testcase name="verifyNone" time="2.378" classname="com.jbk.tests.DownloadsTest"/>
  <testcase name="verifyComplete_DownloadsTable" time="2.717" classname="com.jbk.tests.DownloadsTest"/>
  <testcase name="verifyOperatingSystem_32bit" time="2.360" classname="com.jbk.tests.DownloadsTest"/>
</testsuite> <!-- com.jbk.tests.DownloadsTest -->
