<?xml version="1.0" encoding="UTF-8"?>
<!-- Generated by org.testng.reporters.JUnitReportReporter -->
<testsuite name="com.jbk.tests.DashboardTest" tests="4" time="7.430" ignored="0" failures="0" timestamp="03 Jun 2021 11:21:01 GMT" skipped="0" hostname="LAPTOP-COQHVDGR" errors="0">
  <testcase name="verifyTitle" time="1.842" classname="com.jbk.tests.DashboardTest"/>
  <testcase name="verifyCornerHeading" time="1.856" classname="com.jbk.tests.DashboardTest"/>
  <testcase name="verifyUrl" time="1.834" classname="com.jbk.tests.DashboardTest"/>
  <testcase name="verifyMainHeading" time="1.898" classname="com.jbk.tests.DashboardTest"/>
</testsuite> <!-- com.jbk.tests.DashboardTest -->
