<?xml version="1.0" encoding="UTF-8"?>
<!-- Generated by org.testng.reporters.JUnitReportReporter -->
<testsuite name="com.jbk.tests.LoginTest" tests="1" time="3.407" ignored="14" failures="0" timestamp="04 Jun 2021 12:30:37 GMT" skipped="0" hostname="LAPTOP-COQHVDGR" errors="0">
  <testcase name="verifyInvalidLogInErrorMessage" time="3.407" classname="com.jbk.tests.LoginTest"/>
  <testcase name="verifyLogo" classname="com.jbk.tests.LoginTest">
    <skipped/>
  </testcase> <!-- verifyLogo -->
  <testcase name="loginWithAlldata" classname="com.jbk.tests.LoginTest">
    <skipped/>
  </testcase> <!-- loginWithAlldata -->
  <testcase name="verifyUrlOfLoginPage" classname="com.jbk.tests.LoginTest">
    <skipped/>
  </testcase> <!-- verifyUrlOfLoginPage -->
  <testcase name="verifyBlankLogInErrorMessage" classname="com.jbk.tests.LoginTest">
    <skipped/>
  </testcase> <!-- verifyBlankLogInErrorMessage -->
  <testcase name="verifyRegisterLinkText" classname="com.jbk.tests.LoginTest">
    <skipped/>
  </testcase> <!-- verifyRegisterLinkText -->
  <testcase name="verifyLogoutSuccessfullyMessage" classname="com.jbk.tests.LoginTest">
    <skipped/>
  </testcase> <!-- verifyLogoutSuccessfullyMessage -->
  <testcase name="verifyInvalidLogIn" classname="com.jbk.tests.LoginTest">
    <skipped/>
  </testcase> <!-- verifyInvalidLogIn -->
  <testcase name="verifySubHeading" classname="com.jbk.tests.LoginTest">
    <skipped/>
  </testcase> <!-- verifySubHeading -->
  <testcase name="verifyTitle" classname="com.jbk.tests.LoginTest">
    <skipped/>
  </testcase> <!-- verifyTitle -->
  <testcase name="verifyValidLogIn" classname="com.jbk.tests.LoginTest">
    <skipped/>
  </testcase> <!-- verifyValidLogIn -->
  <testcase name="verifyRegisterLink" classname="com.jbk.tests.LoginTest">
    <skipped/>
  </testcase> <!-- verifyRegisterLink -->
  <testcase name="verifyMainHeading" classname="com.jbk.tests.LoginTest">
    <skipped/>
  </testcase> <!-- verifyMainHeading -->
  <testcase name="verifyPlaceholders" classname="com.jbk.tests.LoginTest">
    <skipped/>
  </testcase> <!-- verifyPlaceholders -->
  <testcase name="verifySignInBoxHeading" classname="com.jbk.tests.LoginTest">
    <skipped/>
  </testcase> <!-- verifySignInBoxHeading -->
</testsuite> <!-- com.jbk.tests.LoginTest -->
