<?xml version="1.0" encoding="UTF-8"?>
<!-- Generated by org.testng.reporters.JUnitReportReporter -->
<testsuite name="com.jbk.tests.OperatorsTest" tests="4" time="8.399" ignored="0" failures="0" timestamp="03 Jun 2021 11:21:01 GMT" skipped="0" hostname="LAPTOP-COQHVDGR" errors="0">
  <testcase name="verifyPrefferedWayToConnect_PhoneCall" time="2.140" classname="com.jbk.tests.OperatorsTest"/>
  <testcase name="verifycontactNoLength" time="2.128" classname="com.jbk.tests.OperatorsTest"/>
  <testcase name="verifyNamesInAlphabeticalOrder" time="2.046" classname="com.jbk.tests.OperatorsTest"/>
  <testcase name="verifyPrefferedWayToConnect_WhatsApp" time="2.085" classname="com.jbk.tests.OperatorsTest"/>
</testsuite> <!-- com.jbk.tests.OperatorsTest -->
